<?xml version="1.0" encoding="UTF-8"?>
<testng-results ignored="0" total="1" passed="1" failed="0" skipped="0">
  <reporter-output>
  </reporter-output>
  <suite started-at="2025-07-27T12:28:54 IST" name="Default suite" finished-at="2025-07-27T12:29:00 IST" duration-ms="6377">
    <groups>
    </groups>
    <test started-at="2025-07-27T12:28:54 IST" name="Default test" finished-at="2025-07-27T12:29:00 IST" duration-ms="6377">
      <class name="chetanDemo.TC004">
        <test-method signature="verifyRegistrationWithoutFillingMandatoryFields()[pri:0, instance:chetanDemo.TC004@3012646b]" started-at="2025-07-27T12:28:54 IST" name="verifyRegistrationWithoutFillingMandatoryFields" finished-at="2025-07-27T12:29:00 IST" duration-ms="6327" status="PASS">
          <reporter-output>
          </reporter-output>
        </test-method> <!-- verifyRegistrationWithoutFillingMandatoryFields -->
      </class> <!-- chetanDemo.TC004 -->
    </test> <!-- Default test -->
  </suite> <!-- Default suite -->
</testng-results>
